<?xml version="1.0" encoding="UTF-8"?>
<testsuite xmlns:xsi="http://www.w3.org/2001/XMLSchema-instance" xsi:noNamespaceSchemaLocation="https://maven.apache.org/surefire/maven-surefire-plugin/xsd/surefire-test-report.xsd" version="3.0.1" name="com.arep.microspringboot.AppTest" time="0.085" tests="6" errors="0" skipped="0" failures="0">
  <properties>
[...]
</properties>
  <testcase name="shouldResolveDynamicRoute" classname="com.arep.microspringboot.AppTest" time="0.041"/>
  <testcase name="shouldServePngFromClasspath" classname="com.arep.microspringboot.AppTest" time="0.006"/>
  <testcase name="shouldServeHtmlFromClasspath" classname="com.arep.microspringboot.AppTest" time="0.003"/>
  <testcase name="shouldReturn404ForUnknownResource" classname="com.arep.microspringboot.AppTest" time="0.003"/>
  <testcase name="shouldSupportRequestParamWithDefaultValue" classname="com.arep.microspringboot.AppTest" time="0.003"/>
  <testcase name="shouldSupportRequestParamFromQueryString" classname="com.arep.microspringboot.AppTest" time="0.003"/>
</testsuite>